#
# There is insufficient memory for the Java Runtime Environment to continue.
# Native memory allocation (malloc) failed to allocate 1048576 bytes for AllocateHeap
# Possible reasons:
#   The system is out of physical RAM or swap space
#   The process is running with CompressedOops enabled, and the Java Heap may be blocking the growth of the native heap
# Possible solutions:
#   Reduce memory load on the system
#   Increase physical memory or swap space
#   Check if swap backing store is full
#   Decrease Java heap size (-Xmx/-Xms)
#   Decrease number of Java threads
#   Decrease Java thread stack sizes (-Xss)
#   Set larger code cache with -XX:ReservedCodeCacheSize=
#   JVM is running with Zero Based Compressed Oops mode in which the Java heap is
#     placed in the first 32GB address space. The Java Heap base address is the
#     maximum limit for the native heap growth. Please use -XX:HeapBaseMinAddress
#     to set the Java Heap base and to place the Java Heap above 32GB virtual address.
# This output file may be truncated or incomplete.
#
#  Out of Memory Error (memory/allocation.inline.hpp:61), pid=4932, tid=0x00000000000046b4
#
# JRE version:  (8.0_311-b11) (build )
# Java VM: Java HotSpot(TM) 64-Bit Server VM (25.311-b11 mixed mode windows-amd64 compressed oops)
# Failed to write core dump. Minidumps are not enabled by default on client versions of Windows
#

---------------  T H R E A D  ---------------

Current thread (0x000001e935adb000):  JavaThread "Unknown thread" [_thread_in_vm, id=18100, stack(0x00000030f4200000,0x00000030f4300000)]

Stack: [0x00000030f4200000,0x00000030f4300000]
Native frames: (J=compiled Java code, j=interpreted, Vv=VM code, C=native code)
V  [jvm.dll+0x32f239]
V  [jvm.dll+0x275882]
V  [jvm.dll+0x27652d]
V  [jvm.dll+0x26cf65]
V  [jvm.dll+0x509d]
V  [jvm.dll+0x3c9b0d]
V  [jvm.dll+0x3ca88a]
V  [jvm.dll+0x3c6827]
V  [jvm.dll+0xfce3f]
V  [jvm.dll+0x20a21b]
V  [jvm.dll+0x238c47]
V  [jvm.dll+0x1628e6]
C  [java.exe+0x2312]
C  [java.exe+0x15f54]
C  [KERNEL32.DLL+0x154e0]
C  [ntdll.dll+0x485b]


---------------  P R O C E S S  ---------------

Java Threads: ( => current thread )

Other Threads:

=>0x000001e935adb000 (exited) JavaThread "Unknown thread" [_thread_in_vm, id=18100, stack(0x00000030f4200000,0x00000030f4300000)]

VM state:not at safepoint (normal execution)

VM Mutex/Monitor currently owned by a thread: None

heap address: 0x00000006c2c00000, size: 4052 MB, Compressed Oops mode: Zero based, Oop shift amount: 3
Narrow klass base: 0x0000000000000000, Narrow klass shift: 3
Compressed class space size: 1073741824 Address: 0x00000007c0000000

Heap:
 PSYoungGen      total 75776K, used 1300K [0x000000076b980000, 0x0000000770e00000, 0x00000007c0000000)
  eden space 65024K, 2% used [0x000000076b980000,0x000000076bac51f8,0x000000076f900000)
  from space 10752K, 0% used [0x0000000770380000,0x0000000770380000,0x0000000770e00000)
  to   space 10752K, 0% used [0x000000076f900000,0x000000076f900000,0x0000000770380000)
 ParOldGen       total 173568K, used 0K [0x00000006c2c00000, 0x00000006cd580000, 0x000000076b980000)
  object space 173568K, 0% used [0x00000006c2c00000,0x00000006c2c00000,0x00000006cd580000)
 Metaspace       used 778K, capacity 4480K, committed 4480K, reserved 1056768K
  class space    used 76K, capacity 384K, committed 384K, reserved 1048576K

Card table byte_map: [0x000001e9467b0000,0x000001e946fa0000] byte_map_base: 0x000001e94319a000

Marking Bits: (ParMarkBitMap*) 0x0000000077098030
 Begin Bits: [0x000001e9474f0000, 0x000001e94b440000)
 End Bits:   [0x000001e94b440000, 0x000001e94f390000)

Polling page: 0x000001e935c10000

CodeCache: size=245760Kb used=329Kb max_used=329Kb free=245430Kb
 bounds [0x000001e9373f0000, 0x000001e937660000, 0x000001e9463f0000]
 total_blobs=58 nmethods=0 adapters=38
 compilation: enabled

Compilation events (0 events):
No events

GC Heap History (0 events):
No events

Deoptimization events (0 events):
No events

Classes redefined (0 events):
No events

Internal exceptions (0 events):
No events

Events (10 events):
Event: 0.017 loading class java/lang/Short
Event: 0.017 loading class java/lang/Short done
Event: 0.017 loading class java/lang/Integer
Event: 0.017 loading class java/lang/Integer done
Event: 0.017 loading class java/lang/Long
Event: 0.017 loading class java/lang/Long done
Event: 0.018 loading class java/lang/NullPointerException
Event: 0.018 loading class java/lang/NullPointerException done
Event: 0.018 loading class java/lang/ArithmeticException
Event: 0.018 loading class java/lang/ArithmeticException done


Dynamic libraries:
0x00007ff79f5f0000 - 0x00007ff79f637000 	C:\Program Files\Java\jdk1.8.0_311\jre\bin\java.exe
0x00007ffa49980000 - 0x00007ffa49b89000 	C:\WINDOWS\SYSTEM32\ntdll.dll
0x00007ffa48860000 - 0x00007ffa4891d000 	C:\WINDOWS\System32\KERNEL32.DLL
0x00007ffa474a0000 - 0x00007ffa47814000 	C:\WINDOWS\System32\KERNELBASE.dll
0x00007ffa490d0000 - 0x00007ffa4917e000 	C:\WINDOWS\System32\ADVAPI32.dll
0x00007ffa48370000 - 0x00007ffa48413000 	C:\WINDOWS\System32\msvcrt.dll
0x00007ffa48510000 - 0x00007ffa485ae000 	C:\WINDOWS\System32\sechost.dll
0x00007ffa48250000 - 0x00007ffa48370000 	C:\WINDOWS\System32\RPCRT4.dll
0x00007ffa49180000 - 0x00007ffa4932c000 	C:\WINDOWS\System32\USER32.dll
0x00007ffa47470000 - 0x00007ffa47496000 	C:\WINDOWS\System32\win32u.dll
0x00007ffa48080000 - 0x00007ffa480a9000 	C:\WINDOWS\System32\GDI32.dll
0x00007ffa47060000 - 0x00007ffa47172000 	C:\WINDOWS\System32\gdi32full.dll
0x00007ffa47180000 - 0x00007ffa4721d000 	C:\WINDOWS\System32\msvcp_win.dll
0x00007ffa47290000 - 0x00007ffa473a1000 	C:\WINDOWS\System32\ucrtbase.dll
0x00007ffa33c80000 - 0x00007ffa33f25000 	C:\WINDOWS\WinSxS\amd64_microsoft.windows.common-controls_6595b64144ccf1df_6.0.22000.120_none_9d947278b86cc467\COMCTL32.dll
0x00007ffa48110000 - 0x00007ffa48141000 	C:\WINDOWS\System32\IMM32.DLL
0x00007ffa424f0000 - 0x00007ffa42505000 	C:\Program Files\Java\jdk1.8.0_311\jre\bin\vcruntime140.dll
0x00007ffa32ba0000 - 0x00007ffa32c3b000 	C:\Program Files\Java\jdk1.8.0_311\jre\bin\msvcp140.dll
0x00000000768b0000 - 0x0000000077110000 	C:\Program Files\Java\jdk1.8.0_311\jre\bin\server\jvm.dll
0x00007ffa47f90000 - 0x00007ffa47f98000 	C:\WINDOWS\System32\PSAPI.DLL
0x00007ffa39d00000 - 0x00007ffa39d09000 	C:\WINDOWS\SYSTEM32\WSOCK32.dll
0x00007ffa41e90000 - 0x00007ffa41ec3000 	C:\WINDOWS\SYSTEM32\WINMM.dll
0x00007ffa41ed0000 - 0x00007ffa41eda000 	C:\WINDOWS\SYSTEM32\VERSION.dll
0x00007ffa47820000 - 0x00007ffa4788f000 	C:\WINDOWS\System32\WS2_32.dll
0x00007ffa45f70000 - 0x00007ffa45f88000 	C:\WINDOWS\SYSTEM32\kernel.appcore.dll
0x00007ffa40a40000 - 0x00007ffa40a50000 	C:\Program Files\Java\jdk1.8.0_311\jre\bin\verify.dll
0x00007ffa3fdd0000 - 0x00007ffa3fdfb000 	C:\Program Files\Java\jdk1.8.0_311\jre\bin\java.dll
0x00007ffa3e000000 - 0x00007ffa3e018000 	C:\Program Files\Java\jdk1.8.0_311\jre\bin\zip.dll
0x00007ffa403f0000 - 0x00007ffa40611000 	C:\WINDOWS\SYSTEM32\dbghelp.dll
0x00007ffa46fe0000 - 0x00007ffa4705f000 	C:\WINDOWS\System32\bcryptPrimitives.dll

VM Arguments:
jvm_args: -Xverify:none -XX:TieredStopAtLevel=1 
java_command: com.aline.transactionmicroservice.TransactionMicroserviceApplication
java_class_path (initial): C:\Users\happy\aline-capstone\aline-transaction-microservice-RY\transaction-microservice\target\classes;C:\Users\happy\.m2\repository\ch\qos\logback\logback-classic\1.2.3\logback-classic-1.2.3.jar;C:\Users\happy\.m2\repository\ch\qos\logback\logback-core\1.2.3\logback-core-1.2.3.jar;C:\Users\happy\.m2\repository\org\apache\logging\log4j\log4j-to-slf4j\2.13.3\log4j-to-slf4j-2.13.3.jar;C:\Users\happy\.m2\repository\org\apache\logging\log4j\log4j-api\2.13.3\log4j-api-2.13.3.jar;C:\Users\happy\.m2\repository\org\slf4j\jul-to-slf4j\1.7.31\jul-to-slf4j-1.7.31.jar;C:\Users\happy\.m2\repository\jakarta\annotation\jakarta.annotation-api\1.3.5\jakarta.annotation-api-1.3.5.jar;C:\Users\happy\.m2\repository\org\yaml\snakeyaml\1.27\snakeyaml-1.27.jar;C:\Users\happy\.m2\repository\org\springframework\boot\spring-boot-actuator-autoconfigure\2.4.8\spring-boot-actuator-autoconfigure-2.4.8.jar;C:\Users\happy\.m2\repository\org\springframework\boot\spring-boot-actuator\2.4.8\spring-boot-actuator-2.4.8.jar;C:\Users\happy\.m2\repository\com\fasterxml\jackson\core\jackson-databind\2.11.4\jackson-databind-2.11.4.jar;C:\Users\happy\.m2\repository\com\fasterxml\jackson\core\jackson-annotations\2.11.4\jackson-annotations-2.11.4.jar;C:\Users\happy\.m2\repository\com\fasterxml\jackson\datatype\jackson-datatype-jsr310\2.11.4\jackson-datatype-jsr310-2.11.4.jar;C:\Users\happy\.m2\repository\io\micrometer\micrometer-core\1.6.8\micrometer-core-1.6.8.jar;C:\Users\happy\.m2\repository\org\hdrhistogram\HdrHistogram\2.1.12\HdrHistogram-2.1.12.jar;C:\Users\happy\.m2\repository\org\latencyutils\LatencyUtils\2.0.3\LatencyUtils-2.0.3.jar;C:\Users\happy\.m2\repository\org\springframework\spring-aop\5.3.8\spring-aop-5.3.8.jar;C:\Users\happy\.m2\repository\org\aspectj\aspectjweaver\1.9.6\aspectjweaver-1.9.6.jar;C:\Users\happy\.m2\repository\com\zaxxer\HikariCP\3.4.5\HikariCP-3.4.5.jar;C:\Users\happy\.m2\repository\org\springframework\spring-jdbc\5.3.8\spring-jdbc-5.3.8.jar;C:\User
Launcher Type: SUN_STANDARD

Environment Variables:
JAVA_HOME=C:/Program Files/Java/jdk1.8.0_311
PATH=C:\Program Files\Git\mingw64\bin;C:\Program Files\Git\usr\bin;C:\Users\happy\bin;E:\dev\aline_capstone\virtual\Scripts;C:\Program Files\Common Files\Oracle\Java\javapath;C:\Program Files (x86)\Common Files\Oracle\Java\javapath;C:\Python310\Scripts;C:\Python310;C:\Windows\system32;C:\Windows;C:\Windows\System32\Wbem;C:\Windows\System32\WindowsPowerShell\v1.0;C:\Windows\System32\OpenSSH;C:\Program Files\NVIDIA Corporation\NVIDIA NvDLISR;C:\Program Files (x86)\NVIDIA Corporation\PhysX\Common;C:\Program Files\Git\cmd;C:\Program Files\nodejs;C:\ProgramData\chocolatey\bin;C:\WINDOWS\system32;C:\WINDOWS;C:\WINDOWS\System32\Wbem;C:\WINDOWS\System32\WindowsPowerShell\v1.0;C:\WINDOWS\System32\OpenSSH;C:\HashiCorp\Vagrant\bin;C:\Program Files\PuTTY;C:\Program Files\MySQL\MySQL Shell 8.0\bin;C:\Users\happy\AppData\Local\Microsoft\WindowsApps;C:\Users\happy\AppData\Local\Programs\Microsoft VS Code\bin;C:\Users\happy\AppData\Roaming\npm;C:\Program Files\Java\jdk1.8.0_311;C:\apache-maven-3.8.5\bin
USERNAME=happy
OS=Windows_NT
PROCESSOR_IDENTIFIER=Intel64 Family 6 Model 165 Stepping 2, GenuineIntel



---------------  S Y S T E M  ---------------

OS: Windows 10.0 , 64 bit Build 22000 (10.0.22000.613)

CPU:total 8 (initial active 8) (4 cores per cpu, 2 threads per core) family 6 model 165 stepping 2, cmov, cx8, fxsr, mmx, sse, sse2, sse3, ssse3, sse4.1, sse4.2, popcnt, avx, avx2, aes, clmul, erms, 3dnowpref, lzcnt, ht, tsc, tscinvbit, bmi1, bmi2, adx

Memory: 4k page, physical 16593196k(4948828k free), swap 19584300k(4368k free)

vm_info: Java HotSpot(TM) 64-Bit Server VM (25.311-b11) for windows-amd64 JRE (1.8.0_311-b11), built on Sep 27 2021 05:15:14 by "java_re" with MS VC++ 15.9 (VS2017)

time: Wed Apr 13 14:27:10 2022
timezone: Mountain Daylight Time
elapsed time: 0.030136 seconds (0d 0h 0m 0s)

