#
# There is insufficient memory for the Java Runtime Environment to continue.
# Native memory allocation (malloc) failed to allocate 395136 bytes for Chunk::new
# Possible reasons:
#   The system is out of physical RAM or swap space
#   The process is running with CompressedOops enabled, and the Java Heap may be blocking the growth of the native heap
# Possible solutions:
#   Reduce memory load on the system
#   Increase physical memory or swap space
#   Check if swap backing store is full
#   Decrease Java heap size (-Xmx/-Xms)
#   Decrease number of Java threads
#   Decrease Java thread stack sizes (-Xss)
#   Set larger code cache with -XX:ReservedCodeCacheSize=
#   JVM is running with Zero Based Compressed Oops mode in which the Java heap is
#     placed in the first 32GB address space. The Java Heap base address is the
#     maximum limit for the native heap growth. Please use -XX:HeapBaseMinAddress
#     to set the Java Heap base and to place the Java Heap above 32GB virtual address.
# This output file may be truncated or incomplete.
#
#  Out of Memory Error (allocation.cpp:389), pid=1664, tid=0x0000000000000eb4
#
# JRE version: Java(TM) SE Runtime Environment (8.0_311-b11) (build 1.8.0_311-b11)
# Java VM: Java HotSpot(TM) 64-Bit Server VM (25.311-b11 mixed mode windows-amd64 compressed oops)
# Failed to write core dump. Minidumps are not enabled by default on client versions of Windows
#

---------------  T H R E A D  ---------------

Current thread (0x00000257bb9d5000):  JavaThread "C2 CompilerThread1" daemon [_thread_in_native, id=3764, stack(0x00000081fc600000,0x00000081fc700000)]

Stack: [0x00000081fc600000,0x00000081fc700000]
Native frames: (J=compiled Java code, j=interpreted, Vv=VM code, C=native code)
V  [jvm.dll+0x32f239]


Current CompileTask:
C2:   5831 4618       4       org.springframework.core.ResolvableType::forType (217 bytes)


---------------  P R O C E S S  ---------------

Java Threads: ( => current thread )
  0x00000257bc4f0000 JavaThread "surefire-forkedjvm-ping-30s" daemon [_thread_in_native, id=16656, stack(0x00000081fcc00000,0x00000081fcd00000)]
  0x00000257bbbe3000 JavaThread "surefire-forkedjvm-command-thread" daemon [_thread_in_native, id=3076, stack(0x00000081fcb00000,0x00000081fcc00000)]
  0x00000257bb9b7800 JavaThread "Service Thread" daemon [_thread_blocked, id=7364, stack(0x00000081fc900000,0x00000081fca00000)]
  0x00000257bb9e1000 JavaThread "C1 CompilerThread3" daemon [_thread_blocked, id=15968, stack(0x00000081fc800000,0x00000081fc900000)]
  0x00000257bb9e0000 JavaThread "C2 CompilerThread2" daemon [_thread_in_native, id=10540, stack(0x00000081fc700000,0x00000081fc800000)]
=>0x00000257bb9d5000 JavaThread "C2 CompilerThread1" daemon [_thread_in_native, id=3764, stack(0x00000081fc600000,0x00000081fc700000)]
  0x00000257bb91f000 JavaThread "C2 CompilerThread0" daemon [_thread_blocked, id=14548, stack(0x00000081fc500000,0x00000081fc600000)]
  0x00000257b93d2000 JavaThread "Attach Listener" daemon [_thread_blocked, id=20056, stack(0x00000081fc400000,0x00000081fc500000)]
  0x00000257b93d0000 JavaThread "Signal Dispatcher" daemon [_thread_blocked, id=11040, stack(0x00000081fc300000,0x00000081fc400000)]
  0x00000257b93ac000 JavaThread "Finalizer" daemon [_thread_blocked, id=1112, stack(0x00000081fc200000,0x00000081fc300000)]
  0x00000257b93a4000 JavaThread "Reference Handler" daemon [_thread_blocked, id=20268, stack(0x00000081fc100000,0x00000081fc200000)]
  0x000002579e74e000 JavaThread "main" [_thread_in_vm, id=20460, stack(0x00000081fb700000,0x00000081fb800000)]

Other Threads:
  0x00000257b937a800 VMThread [stack: 0x00000081fc000000,0x00000081fc100000] [id=12012]
  0x00000257bb937800 WatcherThread [stack: 0x00000081fca00000,0x00000081fcb00000] [id=10516]

VM state:not at safepoint (normal execution)

VM Mutex/Monitor currently owned by a thread:  ([mutex/lock_event])
[0x000002579e73acd0] SystemDictionary_lock - owner thread: 0x0000000000000000

heap address: 0x00000006c2c00000, size: 4052 MB, Compressed Oops mode: Zero based, Oop shift amount: 3
Narrow klass base: 0x0000000000000000, Narrow klass shift: 3
Compressed class space size: 1073741824 Address: 0x00000007c0000000

Heap:
 PSYoungGen      total 224256K, used 140878K [0x000000076b980000, 0x000000077c300000, 0x00000007c0000000)
  eden space 219648K, 64% used [0x000000076b980000,0x00000007743139c8,0x0000000779000000)
  from space 4608K, 0% used [0x000000077be80000,0x000000077be80000,0x000000077c300000)
  to   space 7168K, 0% used [0x000000077b500000,0x000000077b500000,0x000000077bc00000)
 ParOldGen       total 89600K, used 16474K [0x00000006c2c00000, 0x00000006c8380000, 0x000000076b980000)
  object space 89600K, 18% used [0x00000006c2c00000,0x00000006c3c16b60,0x00000006c8380000)
 Metaspace       used 36811K, capacity 38840K, committed 39168K, reserved 1083392K
  class space    used 4423K, capacity 4817K, committed 4864K, reserved 1048576K

Card table byte_map: [0x00000257af530000,0x00000257afd20000] byte_map_base: 0x00000257abf1a000

Marking Bits: (ParMarkBitMap*) 0x0000000075508030
 Begin Bits: [0x00000257b0270000, 0x00000257b41c0000)
 End Bits:   [0x00000257b41c0000, 0x00000257b8110000)

Polling page: 0x00000257a0140000

CodeCache: size=245760Kb used=16398Kb max_used=16400Kb free=229361Kb
 bounds [0x00000257a0170000, 0x00000257a1190000, 0x00000257af170000]
 total_blobs=4615 nmethods=4207 adapters=320
 compilation: enabled

Compilation events (10 events):
Event: 5.809 Thread 0x00000257bb9e1000 4628       3       org.springframework.context.annotation.ConfigurationClassBeanDefinitionReader$TrackedConditionEvaluator::shouldSkip (231 bytes)
Event: 5.809 Thread 0x00000257bb9e1000 nmethod 4628 0x00000257a1170d50 code [0x00000257a1171020, 0x00000257a11722c0]
Event: 5.813 Thread 0x00000257bb91f000 4629   !   4       sun.instrument.TransformerManager::transform (98 bytes)
Event: 5.815 Thread 0x00000257bb91f000 nmethod 4629 0x00000257a116b650 code [0x00000257a116b7a0, 0x00000257a116b9a8]
Event: 5.819 Thread 0x00000257bb91f000 4630       4       sun.instrument.InstrumentationImpl::transform (38 bytes)
Event: 5.821 Thread 0x00000257bb91f000 nmethod 4630 0x00000257a116fc10 code [0x00000257a116fd60, 0x00000257a116ffe8]
Event: 5.827 Thread 0x00000257bb9e1000 4631       3       org.springframework.context.annotation.BeanAnnotationHelper::determineBeanNameFor (121 bytes)
Event: 5.828 Thread 0x00000257bb9e1000 nmethod 4631 0x00000257a1183410 code [0x00000257a1183640, 0x00000257a1183fb0]
Event: 5.828 Thread 0x00000257bb9e1000 4632       3       org.springframework.core.annotation.AnnotatedElementUtils::hasAnnotation (70 bytes)
Event: 5.828 Thread 0x00000257bb9e1000 nmethod 4632 0x00000257a1181c90 code [0x00000257a1181f00, 0x00000257a1182a20]

GC Heap History (10 events):
Event: 2.913 GC heap before
{Heap before GC invocations=6 (full 1):
 PSYoungGen      total 140800K, used 6282K [0x000000076b980000, 0x000000077c580000, 0x00000007c0000000)
  eden space 130048K, 0% used [0x000000076b980000,0x000000076b980000,0x0000000773880000)
  from space 10752K, 58% used [0x0000000773880000,0x0000000773ea2880,0x0000000774300000)
  to   space 7168K, 0% used [0x000000077be80000,0x000000077be80000,0x000000077c580000)
 ParOldGen       total 173568K, used 64K [0x00000006c2c00000, 0x00000006cd580000, 0x000000076b980000)
  object space 173568K, 0% used [0x00000006c2c00000,0x00000006c2c10000,0x00000006cd580000)
 Metaspace       used 19775K, capacity 21110K, committed 21296K, reserved 1069056K
  class space    used 2321K, capacity 2581K, committed 2688K, reserved 1048576K
Event: 2.934 GC heap after
Heap after GC invocations=6 (full 1):
 PSYoungGen      total 140800K, used 0K [0x000000076b980000, 0x000000077c580000, 0x00000007c0000000)
  eden space 130048K, 0% used [0x000000076b980000,0x000000076b980000,0x0000000773880000)
  from space 10752K, 0% used [0x0000000773880000,0x0000000773880000,0x0000000774300000)
  to   space 7168K, 0% used [0x000000077be80000,0x000000077be80000,0x000000077c580000)
 ParOldGen       total 89600K, used 6074K [0x00000006c2c00000, 0x00000006c8380000, 0x000000076b980000)
  object space 89600K, 6% used [0x00000006c2c00000,0x00000006c31eeb20,0x00000006c8380000)
 Metaspace       used 19775K, capacity 21110K, committed 21296K, reserved 1069056K
  class space    used 2321K, capacity 2581K, committed 2688K, reserved 1048576K
}
Event: 3.375 GC heap before
{Heap before GC invocations=7 (full 1):
 PSYoungGen      total 140800K, used 130048K [0x000000076b980000, 0x000000077c580000, 0x00000007c0000000)
  eden space 130048K, 100% used [0x000000076b980000,0x0000000773880000,0x0000000773880000)
  from space 10752K, 0% used [0x0000000773880000,0x0000000773880000,0x0000000774300000)
  to   space 7168K, 0% used [0x000000077be80000,0x000000077be80000,0x000000077c580000)
 ParOldGen       total 89600K, used 6074K [0x00000006c2c00000, 0x00000006c8380000, 0x000000076b980000)
  object space 89600K, 6% used [0x00000006c2c00000,0x00000006c31eeb20,0x00000006c8380000)
 Metaspace       used 24306K, capacity 25970K, committed 26112K, reserved 1073152K
  class space    used 2929K, capacity 3246K, committed 3328K, reserved 1048576K
Event: 3.379 GC heap after
Heap after GC invocations=7 (full 1):
 PSYoungGen      total 224256K, used 4590K [0x000000076b980000, 0x000000077c300000, 0x00000007c0000000)
  eden space 219648K, 0% used [0x000000076b980000,0x000000076b980000,0x0000000779000000)
  from space 4608K, 99% used [0x000000077be80000,0x000000077c2fb990,0x000000077c300000)
  to   space 7168K, 0% used [0x000000077b500000,0x000000077b500000,0x000000077bc00000)
 ParOldGen       total 89600K, used 6082K [0x00000006c2c00000, 0x00000006c8380000, 0x000000076b980000)
  object space 89600K, 6% used [0x00000006c2c00000,0x00000006c31f0b20,0x00000006c8380000)
 Metaspace       used 24306K, capacity 25970K, committed 26112K, reserved 1073152K
  class space    used 2929K, capacity 3246K, committed 3328K, reserved 1048576K
}
Event: 4.075 GC heap before
{Heap before GC invocations=8 (full 1):
 PSYoungGen      total 224256K, used 224238K [0x000000076b980000, 0x000000077c300000, 0x00000007c0000000)
  eden space 219648K, 100% used [0x000000076b980000,0x0000000779000000,0x0000000779000000)
  from space 4608K, 99% used [0x000000077be80000,0x000000077c2fb990,0x000000077c300000)
  to   space 7168K, 0% used [0x000000077b500000,0x000000077b500000,0x000000077bc00000)
 ParOldGen       total 89600K, used 6082K [0x00000006c2c00000, 0x00000006c8380000, 0x000000076b980000)
  object space 89600K, 6% used [0x00000006c2c00000,0x00000006c31f0b20,0x00000006c8380000)
 Metaspace       used 30216K, capacity 31922K, committed 32256K, reserved 1077248K
  class space    used 3639K, capacity 3970K, committed 4096K, reserved 1048576K
Event: 4.085 GC heap after
Heap after GC invocations=8 (full 1):
 PSYoungGen      total 226816K, used 7145K [0x000000076b980000, 0x000000077c300000, 0x00000007c0000000)
  eden space 219648K, 0% used [0x000000076b980000,0x000000076b980000,0x0000000779000000)
  from space 7168K, 99% used [0x000000077b500000,0x000000077bbfa6c0,0x000000077bc00000)
  to   space 4608K, 0% used [0x000000077be80000,0x000000077be80000,0x000000077c300000)
 ParOldGen       total 89600K, used 10373K [0x00000006c2c00000, 0x00000006c8380000, 0x000000076b980000)
  object space 89600K, 11% used [0x00000006c2c00000,0x00000006c3621470,0x00000006c8380000)
 Metaspace       used 30216K, capacity 31922K, committed 32256K, reserved 1077248K
  class space    used 3639K, capacity 3970K, committed 4096K, reserved 1048576K
}
Event: 4.667 GC heap before
{Heap before GC invocations=9 (full 1):
 PSYoungGen      total 226816K, used 221621K [0x000000076b980000, 0x000000077c300000, 0x00000007c0000000)
  eden space 219648K, 97% used [0x000000076b980000,0x0000000778af3108,0x0000000779000000)
  from space 7168K, 99% used [0x000000077b500000,0x000000077bbfa6c0,0x000000077bc00000)
  to   space 4608K, 0% used [0x000000077be80000,0x000000077be80000,0x000000077c300000)
 ParOldGen       total 89600K, used 10373K [0x00000006c2c00000, 0x00000006c8380000, 0x000000076b980000)
  object space 89600K, 11% used [0x00000006c2c00000,0x00000006c3621470,0x00000006c8380000)
 Metaspace       used 33496K, capacity 35312K, committed 35456K, reserved 1081344K
  class space    used 4033K, capacity 4411K, committed 4480K, reserved 1048576K
Event: 4.677 GC heap after
Heap after GC invocations=9 (full 1):
 PSYoungGen      total 224256K, used 4605K [0x000000076b980000, 0x000000077c300000, 0x00000007c0000000)
  eden space 219648K, 0% used [0x000000076b980000,0x000000076b980000,0x0000000779000000)
  from space 4608K, 99% used [0x000000077be80000,0x000000077c2ff470,0x000000077c300000)
  to   space 7168K, 0% used [0x000000077b500000,0x000000077b500000,0x000000077bc00000)
 ParOldGen       total 89600K, used 17437K [0x00000006c2c00000, 0x00000006c8380000, 0x000000076b980000)
  object space 89600K, 19% used [0x00000006c2c00000,0x00000006c3d07610,0x00000006c8380000)
 Metaspace       used 33496K, capacity 35312K, committed 35456K, reserved 1081344K
  class space    used 4033K, capacity 4411K, committed 4480K, reserved 1048576K
}
Event: 4.678 GC heap before
{Heap before GC invocations=10 (full 2):
 PSYoungGen      total 224256K, used 4605K [0x000000076b980000, 0x000000077c300000, 0x00000007c0000000)
  eden space 219648K, 0% used [0x000000076b980000,0x000000076b980000,0x0000000779000000)
  from space 4608K, 99% used [0x000000077be80000,0x000000077c2ff470,0x000000077c300000)
  to   space 7168K, 0% used [0x000000077b500000,0x000000077b500000,0x000000077bc00000)
 ParOldGen       total 89600K, used 17437K [0x00000006c2c00000, 0x00000006c8380000, 0x000000076b980000)
  object space 89600K, 19% used [0x00000006c2c00000,0x00000006c3d07610,0x00000006c8380000)
 Metaspace       used 33496K, capacity 35312K, committed 35456K, reserved 1081344K
  class space    used 4033K, capacity 4411K, committed 4480K, reserved 1048576K
Event: 4.723 GC heap after
Heap after GC invocations=10 (full 2):
 PSYoungGen      total 224256K, used 0K [0x000000076b980000, 0x000000077c300000, 0x00000007c0000000)
  eden space 219648K, 0% used [0x000000076b980000,0x000000076b980000,0x0000000779000000)
  from space 4608K, 0% used [0x000000077be80000,0x000000077be80000,0x000000077c300000)
  to   space 7168K, 0% used [0x000000077b500000,0x000000077b500000,0x000000077bc00000)
 ParOldGen       total 89600K, used 16474K [0x00000006c2c00000, 0x00000006c8380000, 0x000000076b980000)
  object space 89600K, 18% used [0x00000006c2c00000,0x00000006c3c16b60,0x00000006c8380000)
 Metaspace       used 33496K, capacity 35312K, committed 35456K, reserved 1081344K
  class space    used 4033K, capacity 4411K, committed 4480K, reserved 1048576K
}

Deoptimization events (10 events):
Event: 4.107 Thread 0x00000257be7ba800 Uncommon trap: reason=bimorphic action=maybe_recompile pc=0x00000257a0c1ce20 method=org.jacoco.agent.rt.internal_3570298.asm.SymbolTable.copyBootstrapMethods(Lorg/jacoco/agent/rt/internal_3570298/asm/ClassReader;[C)V @ 220
Event: 4.145 Thread 0x000002579e74e000 Uncommon trap: reason=unstable_if action=reinterpret pc=0x00000257a0e1e89c method=java.util.HashMap.putVal(ILjava/lang/Object;Ljava/lang/Object;ZZ)Ljava/lang/Object; @ 236
Event: 4.258 Thread 0x00000257be38f800 Uncommon trap: reason=unstable_if action=reinterpret pc=0x00000257a0715308 method=jdk.internal.org.objectweb.asm.Type.getArgumentsAndReturnSizes(Ljava/lang/String;)I @ 47
Event: 5.162 Thread 0x000002579e74e000 Uncommon trap: reason=unstable_if action=reinterpret pc=0x00000257a0bb32bc method=java.util.Arrays.equals([Ljava/lang/Object;[Ljava/lang/Object;)Z @ 65
Event: 5.235 Thread 0x000002579e74e000 Uncommon trap: reason=bimorphic action=maybe_recompile pc=0x00000257a0800a4c method=org.jacoco.agent.rt.internal_3570298.asm.tree.FrameNode.accept(Lorg/jacoco/agent/rt/internal_3570298/asm/MethodVisitor;)V @ 81
Event: 5.235 Thread 0x000002579e74e000 Uncommon trap: reason=bimorphic action=maybe_recompile pc=0x00000257a0800a4c method=org.jacoco.agent.rt.internal_3570298.asm.tree.FrameNode.accept(Lorg/jacoco/agent/rt/internal_3570298/asm/MethodVisitor;)V @ 81
Event: 5.235 Thread 0x000002579e74e000 Uncommon trap: reason=bimorphic action=maybe_recompile pc=0x00000257a0800a4c method=org.jacoco.agent.rt.internal_3570298.asm.tree.FrameNode.accept(Lorg/jacoco/agent/rt/internal_3570298/asm/MethodVisitor;)V @ 81
Event: 5.532 Thread 0x000002579e74e000 Uncommon trap: reason=unstable_if action=reinterpret pc=0x00000257a104c930 method=org.springframework.beans.factory.support.AbstractBeanFactory.isFactoryBean(Ljava/lang/String;Lorg/springframework/beans/factory/support/RootBeanDefinition;)Z @ 76
Event: 5.532 Thread 0x000002579e74e000 Uncommon trap: reason=unstable_if action=reinterpret pc=0x00000257a10bbb74 method=org.springframework.beans.factory.support.AbstractBeanFactory.isTypeMatch(Ljava/lang/String;Lorg/springframework/core/ResolvableType;Z)Z @ 1073
Event: 5.671 Thread 0x000002579e74e000 Uncommon trap: reason=bimorphic action=maybe_recompile pc=0x00000257a0c1ce20 method=org.jacoco.agent.rt.internal_3570298.asm.SymbolTable.copyBootstrapMethods(Lorg/jacoco/agent/rt/internal_3570298/asm/ClassReader;[C)V @ 220

Classes redefined (0 events):
No events

Internal exceptions (10 events):
Event: 5.062 Thread 0x000002579e74e000 Implicit null exception at 0x00000257a04a4f88 to 0x00000257a04a579e
Event: 5.062 Thread 0x000002579e74e000 Exception <a 'java/lang/NullPointerException'> (0x000000076e9f22d0) thrown at [C:\jenkins\workspace\8-2-build-windows-amd64-cygwin\jdk8u311\1894\hotspot\src\share\vm\runtime\sharedRuntime.cpp, line 609]
Event: 5.449 Thread 0x000002579e74e000 Implicit null exception at 0x00000257a04a4f88 to 0x00000257a04a579e
Event: 5.449 Thread 0x000002579e74e000 Exception <a 'java/lang/NullPointerException'> (0x00000007725e8010) thrown at [C:\jenkins\workspace\8-2-build-windows-amd64-cygwin\jdk8u311\1894\hotspot\src\share\vm\runtime\sharedRuntime.cpp, line 609]
Event: 5.459 Thread 0x000002579e74e000 Implicit null exception at 0x00000257a04a4f88 to 0x00000257a04a579e
Event: 5.459 Thread 0x000002579e74e000 Exception <a 'java/lang/NullPointerException'> (0x000000077268d0d8) thrown at [C:\jenkins\workspace\8-2-build-windows-amd64-cygwin\jdk8u311\1894\hotspot\src\share\vm\runtime\sharedRuntime.cpp, line 609]
Event: 5.530 Thread 0x000002579e74e000 Implicit null exception at 0x00000257a04a4f88 to 0x00000257a04a579e
Event: 5.530 Thread 0x000002579e74e000 Exception <a 'java/lang/NullPointerException'> (0x0000000772b15e48) thrown at [C:\jenkins\workspace\8-2-build-windows-amd64-cygwin\jdk8u311\1894\hotspot\src\share\vm\runtime\sharedRuntime.cpp, line 609]
Event: 5.531 Thread 0x000002579e74e000 Implicit null exception at 0x00000257a04a4f88 to 0x00000257a04a579e
Event: 5.531 Thread 0x000002579e74e000 Exception <a 'java/lang/NullPointerException'> (0x0000000772b1cd38) thrown at [C:\jenkins\workspace\8-2-build-windows-amd64-cygwin\jdk8u311\1894\hotspot\src\share\vm\runtime\sharedRuntime.cpp, line 609]

Events (10 events):
Event: 5.823 loading class org/springframework/context/support/DefaultLifecycleProcessor
Event: 5.823 loading class org/springframework/context/support/DefaultLifecycleProcessor done
Event: 5.825 loading class org/springframework/boot/autoconfigure/dao/PersistenceExceptionTranslationAutoConfiguration
Event: 5.825 loading class org/springframework/boot/autoconfigure/dao/PersistenceExceptionTranslationAutoConfiguration done
Event: 5.828 loading class org/springframework/data/jpa/repository/support/JpaRepositoryFactoryBean
Event: 5.828 loading class org/springframework/data/jpa/repository/support/JpaRepositoryFactoryBean done
Event: 5.829 loading class org/springframework/data/repository/core/support/TransactionalRepositoryFactoryBeanSupport
Event: 5.829 loading class org/springframework/data/repository/core/support/TransactionalRepositoryFactoryBeanSupport done
Event: 5.830 loading class org/springframework/data/repository/core/support/RepositoryFactoryBeanSupport
Event: 5.830 loading class org/springframework/data/repository/core/support/RepositoryFactoryBeanSupport done


Dynamic libraries:
0x00007ff79b140000 - 0x00007ff79b187000 	C:\Program Files\Java\jdk1.8.0_311\jre\bin\java.exe
0x00007ffd104c0000 - 0x00007ffd106c9000 	C:\WINDOWS\SYSTEM32\ntdll.dll
0x00007ffd0f760000 - 0x00007ffd0f81d000 	C:\WINDOWS\System32\KERNEL32.DLL
0x00007ffd0df70000 - 0x00007ffd0e2e4000 	C:\WINDOWS\System32\KERNELBASE.dll
0x00007ffd0e410000 - 0x00007ffd0e4be000 	C:\WINDOWS\System32\ADVAPI32.dll
0x00007ffd0ee30000 - 0x00007ffd0eed3000 	C:\WINDOWS\System32\msvcrt.dll
0x00007ffd10320000 - 0x00007ffd103be000 	C:\WINDOWS\System32\sechost.dll
0x00007ffd0fea0000 - 0x00007ffd0ffc0000 	C:\WINDOWS\System32\RPCRT4.dll
0x00007ffd0ffe0000 - 0x00007ffd1018c000 	C:\WINDOWS\System32\USER32.dll
0x00007ffd0dba0000 - 0x00007ffd0dbc6000 	C:\WINDOWS\System32\win32u.dll
0x00007ffd10450000 - 0x00007ffd10479000 	C:\WINDOWS\System32\GDI32.dll
0x00007ffd0de50000 - 0x00007ffd0df62000 	C:\WINDOWS\System32\gdi32full.dll
0x00007ffd0ddb0000 - 0x00007ffd0de4d000 	C:\WINDOWS\System32\msvcp_win.dll
0x00007ffd0dbd0000 - 0x00007ffd0dce1000 	C:\WINDOWS\System32\ucrtbase.dll
0x00007ffcf14b0000 - 0x00007ffcf1755000 	C:\WINDOWS\WinSxS\amd64_microsoft.windows.common-controls_6595b64144ccf1df_6.0.22000.120_none_9d947278b86cc467\COMCTL32.dll
0x00007ffd102e0000 - 0x00007ffd10311000 	C:\WINDOWS\System32\IMM32.DLL
0x00007ffcdd760000 - 0x00007ffcdd775000 	C:\Program Files\Java\jdk1.8.0_311\jre\bin\vcruntime140.dll
0x00007ffccbf30000 - 0x00007ffccbfcb000 	C:\Program Files\Java\jdk1.8.0_311\jre\bin\msvcp140.dll
0x0000000074d20000 - 0x0000000075580000 	C:\Program Files\Java\jdk1.8.0_311\jre\bin\server\jvm.dll
0x00007ffd0fc90000 - 0x00007ffd0fc98000 	C:\WINDOWS\System32\PSAPI.DLL
0x00007ffd0ae90000 - 0x00007ffd0ae99000 	C:\WINDOWS\SYSTEM32\WSOCK32.dll
0x00007ffd07a40000 - 0x00007ffd07a4a000 	C:\WINDOWS\SYSTEM32\VERSION.dll
0x00007ffd077e0000 - 0x00007ffd07813000 	C:\WINDOWS\SYSTEM32\WINMM.dll
0x00007ffd0e5b0000 - 0x00007ffd0e61f000 	C:\WINDOWS\System32\WS2_32.dll
0x00007ffd0cb30000 - 0x00007ffd0cb48000 	C:\WINDOWS\SYSTEM32\kernel.appcore.dll
0x00007ffd0ab00000 - 0x00007ffd0ab10000 	C:\Program Files\Java\jdk1.8.0_311\jre\bin\verify.dll
0x00007ffcdd730000 - 0x00007ffcdd75b000 	C:\Program Files\Java\jdk1.8.0_311\jre\bin\java.dll
0x00007ffcf8b30000 - 0x00007ffcf8b60000 	C:\Program Files\Java\jdk1.8.0_311\jre\bin\instrument.dll
0x00007ffcdd5f0000 - 0x00007ffcdd608000 	C:\Program Files\Java\jdk1.8.0_311\jre\bin\zip.dll
0x00007ffd0efb0000 - 0x00007ffd0f75e000 	C:\WINDOWS\System32\SHELL32.dll
0x00007ffd0bb20000 - 0x00007ffd0c388000 	C:\WINDOWS\SYSTEM32\windows.storage.dll
0x00007ffd0eab0000 - 0x00007ffd0ee28000 	C:\WINDOWS\System32\combase.dll
0x00007ffd0b9b0000 - 0x00007ffd0bb16000 	C:\WINDOWS\SYSTEM32\wintypes.dll
0x00007ffd0e4c0000 - 0x00007ffd0e5aa000 	C:\WINDOWS\System32\SHCORE.dll
0x00007ffd10190000 - 0x00007ffd101ed000 	C:\WINDOWS\System32\shlwapi.dll
0x00007ffd0d8e0000 - 0x00007ffd0d901000 	C:\WINDOWS\SYSTEM32\profapi.dll
0x00007ffcdb040000 - 0x00007ffcdb05c000 	C:\Program Files\Java\jdk1.8.0_311\jre\bin\net.dll
0x00007ffd0cfd0000 - 0x00007ffd0d037000 	C:\WINDOWS\system32\mswsock.dll
0x00007ffceb0d0000 - 0x00007ffceb0e7000 	C:\WINDOWS\system32\napinsp.dll
0x00007ffceb0b0000 - 0x00007ffceb0cb000 	C:\WINDOWS\system32\pnrpnsp.dll
0x00007ffd0c610000 - 0x00007ffd0c6f7000 	C:\WINDOWS\SYSTEM32\DNSAPI.dll
0x00007ffd0c5e0000 - 0x00007ffd0c60d000 	C:\WINDOWS\SYSTEM32\IPHLPAPI.DLL
0x00007ffd0e710000 - 0x00007ffd0e719000 	C:\WINDOWS\System32\NSI.dll
0x00007ffceb090000 - 0x00007ffceb0a2000 	C:\WINDOWS\System32\winrnr.dll
0x00007ffd06bf0000 - 0x00007ffd06c05000 	C:\WINDOWS\system32\wshbth.dll
0x00007ffceb070000 - 0x00007ffceb08f000 	C:\WINDOWS\system32\nlansp_c.dll
0x00007ffd051e0000 - 0x00007ffd051ea000 	C:\Windows\System32\rasadhlp.dll
0x00007ffd05df0000 - 0x00007ffd05e71000 	C:\WINDOWS\System32\fwpuclnt.dll
0x00007ffcd7850000 - 0x00007ffcd7863000 	C:\Program Files\Java\jdk1.8.0_311\jre\bin\nio.dll
0x00007ffd0ae40000 - 0x00007ffd0ae4d000 	C:\Program Files\Java\jdk1.8.0_311\jre\bin\management.dll

VM Arguments:
jvm_args: -javaagent:C:\\Users\\happy\\.m2\\repository\\org\\jacoco\\org.jacoco.agent\\0.8.7\\org.jacoco.agent-0.8.7-runtime.jar=destfile=C:\\Users\\happy\\aline-transaction-microservice-RY\\transaction-microservice\\target\\jacoco.exec 
java_command: C:\Users\happy\AppData\Local\Temp\surefire2076722081644868390\surefirebooter8597397241408219940.jar C:\Users\happy\AppData\Local\Temp\surefire2076722081644868390 2022-04-07T14-17-04_718-jvmRun1 surefire1044122208261439291tmp surefire_04235080969996107157tmp
java_class_path (initial): C:\Users\happy\AppData\Local\Temp\surefire2076722081644868390\surefirebooter8597397241408219940.jar;C:\\Users\\happy\\.m2\\repository\\org\\jacoco\\org.jacoco.agent\\0.8.7\\org.jacoco.agent-0.8.7-runtime.jar
Launcher Type: SUN_STANDARD

Environment Variables:
JAVA_HOME=C:/Program Files/Java/jdk1.8.0_311
PATH=C:\Users\happy\bin;C:\Program Files\Git\mingw64\bin;C:\Program Files\Git\usr\local\bin;C:\Program Files\Git\usr\bin;C:\Program Files\Git\usr\bin;C:\Program Files\Git\mingw64\bin;C:\Program Files\Git\usr\bin;C:\Users\happy\bin;C:\Program Files\Common Files\Oracle\Java\javapath;C:\Program Files (x86)\Common Files\Oracle\Java\javapath;C:\Python310\Scripts;C:\Python310;C:\Windows\system32;C:\Windows;C:\Windows\System32\Wbem;C:\Windows\System32\WindowsPowerShell\v1.0;C:\Windows\System32\OpenSSH;C:\Program Files\NVIDIA Corporation\NVIDIA NvDLISR;C:\Program Files (x86)\NVIDIA Corporation\PhysX\Common;C:\Program Files\Git\cmd;C:\Program Files\nodejs;C:\ProgramData\chocolatey\bin;C:\WINDOWS\system32;C:\WINDOWS;C:\WINDOWS\System32\Wbem;C:\WINDOWS\System32\WindowsPowerShell\v1.0;C:\WINDOWS\System32\OpenSSH;C:\HashiCorp\Vagrant\bin;C:\Program Files\PuTTY;C:\Program Files\MySQL\MySQL Shell 8.0\bin;C:\Users\happy\AppData\Local\Microsoft\WindowsApps;C:\Users\happy\AppData\Local\Programs\Microsoft VS Code\bin;C:\Users\happy\AppData\Roaming\npm;C:\Program Files\Java\jdk1.8.0_311;C:\apache-maven-3.8.5\bin;C:\Program Files\Git\usr\bin\vendor_perl;C:\Program Files\Git\usr\bin\core_perl
USERNAME=happy
SHELL=C:\Program Files\Git\usr\bin\bash.exe
DISPLAY=needs-to-be-defined
OS=Windows_NT
PROCESSOR_IDENTIFIER=Intel64 Family 6 Model 165 Stepping 2, GenuineIntel



---------------  S Y S T E M  ---------------

OS: Windows 10.0 , 64 bit Build 22000 (10.0.22000.434)

CPU:total 8 (initial active 8) (4 cores per cpu, 2 threads per core) family 6 model 165 stepping 2, cmov, cx8, fxsr, mmx, sse, sse2, sse3, ssse3, sse4.1, sse4.2, popcnt, avx, avx2, aes, clmul, erms, 3dnowpref, lzcnt, ht, tsc, tscinvbit, bmi1, bmi2, adx

Memory: 4k page, physical 16593196k(4656188k free), swap 19584300k(4544k free)

vm_info: Java HotSpot(TM) 64-Bit Server VM (25.311-b11) for windows-amd64 JRE (1.8.0_311-b11), built on Sep 27 2021 05:15:14 by "java_re" with MS VC++ 15.9 (VS2017)

time: Thu Apr  7 14:17:17 2022
timezone: Mountain Daylight Time
elapsed time: 5.835226 seconds (0d 0h 0m 5s)

